<?xml version="1.0" encoding="UTF-8"?>
<!-- Generated by org.testng.reporters.JUnitReportReporter -->
<testsuite hostname="ATMECSINDT-055" failures="0" tests="1" name="com.atmecs.testscripts.TestAddToCart" time="27.240" errors="0" timestamp="13 Aug 2019 14:06:31 GMT" skipped="0">
  <testcase classname="com.atmecs.testscripts.TestAddToCart" name="verifyAddToCart" time="27.240"/>
</testsuite> <!-- com.atmecs.testscripts.TestAddToCart -->
