<?xml version="1.0" encoding="UTF-8"?>
<!-- Generated by org.testng.reporters.JUnitReportReporter -->
<testsuite hostname="ATMECSINDT-055" failures="0" tests="1" name="com.atmecs.testscripts.TestManageCart" time="39.452" errors="0" timestamp="13 Aug 2019 14:06:31 GMT" skipped="0">
  <testcase classname="com.atmecs.testscripts.TestManageCart" name="verifyAddToCart" time="39.452"/>
</testsuite> <!-- com.atmecs.testscripts.TestManageCart -->
