<?xml version="1.0" encoding="UTF-8"?>
<!-- Generated by org.testng.reporters.JUnitReportReporter -->
<testsuite hostname="ATMECSINDT-055" failures="0" tests="1" name="com.atmecs.testscripts.NavigatePageProducts$HomePageProducts" time="22.399" errors="0" timestamp="28 Aug 2019 09:29:49 GMT" skipped="0">
  <testcase classname="com.atmecs.testscripts.NavigatePageProducts$HomePageProducts" name="verifyNavigatePage" time="22.399"/>
</testsuite> <!-- com.atmecs.testscripts.NavigatePageProducts$HomePageProducts -->
