<?xml version="1.0" encoding="UTF-8"?>
<!-- Generated by org.testng.reporters.JUnitReportReporter -->
<testsuite hostname="ATMECSINDT-055" failures="0" tests="1" name="com.atmecs.testscripts.NavigatePageProducts" time="147.570" errors="0" timestamp="28 Aug 2019 13:34:12 GMT" skipped="0">
  <testcase classname="com.atmecs.testscripts.NavigatePageProducts" name="verifyNavigatePage" time="147.570"/>
</testsuite> <!-- com.atmecs.testscripts.NavigatePageProducts -->
