<?xml version="1.0" encoding="UTF-8"?>
<!-- Generated by org.testng.reporters.JUnitReportReporter -->
<testsuite hostname="ATMECSINDT-055" failures="0" tests="1" name="com.atmecs.testscripts.FilterProductPage" time="193.087" errors="0" timestamp="28 Aug 2019 13:45:03 GMT" skipped="0">
  <testcase classname="com.atmecs.testscripts.FilterProductPage" name="verifyByFilteringProducts" time="193.087"/>
</testsuite> <!-- com.atmecs.testscripts.FilterProductPage -->
