<?xml version="1.0" encoding="UTF-8"?>
<!-- Generated by org.testng.reporters.JUnitReportReporter -->
<testsuite hostname="ATMECSINDT-055" failures="0" tests="1" name="com.atmecs.testscripts.TestLogin" time="11.810" errors="0" timestamp="06 Aug 2019 14:26:43 GMT" skipped="0">
  <testcase classname="com.atmecs.testscripts.TestLogin" name="verifyLoginPage" time="11.810"/>
</testsuite> <!-- com.atmecs.testscripts.TestLogin -->
