<?xml version="1.0" encoding="UTF-8"?>
<!-- Generated by org.testng.reporters.JUnitReportReporter -->
<testsuite hostname="ATMECSINDT-055" failures="0" tests="1" name="com.atmecs.testscripts.TestRemoveFromCart" time="12.126" errors="0" timestamp="07 Aug 2019 05:35:16 GMT" skipped="0">
  <testcase classname="com.atmecs.testscripts.TestRemoveFromCart" name="verifyAddToCart" time="12.126"/>
</testsuite> <!-- com.atmecs.testscripts.TestRemoveFromCart -->
