<?xml version="1.0" encoding="UTF-8"?>
<!-- Generated by org.testng.reporters.JUnitReportReporter -->
<testsuite hostname="ATMECSINDT-055" failures="0" tests="1" name="com.atmecs.testscripts.HomePageProducts" time="70.947" errors="0" timestamp="28 Aug 2019 13:57:55 GMT" skipped="0">
  <testcase classname="com.atmecs.testscripts.HomePageProducts" name="verifyHomePageProducts" time="70.947"/>
</testsuite> <!-- com.atmecs.testscripts.HomePageProducts -->
