<?xml version="1.0" encoding="UTF-8"?>
<!-- Generated by org.testng.reporters.JUnitReportReporter -->
<testsuite hostname="ATMECSINDT-055" failures="0" tests="1" name="com.atmecs.testscripts.TestManageCart" time="209.179" errors="0" timestamp="21 Aug 2019 12:01:37 GMT" skipped="0">
  <testcase classname="com.atmecs.testscripts.TestManageCart" name="verifyAddToCart" time="209.179"/>
</testsuite> <!-- com.atmecs.testscripts.TestManageCart -->
